2025-09-16 08:43:27.861549 (824833) main____ INFO    ----------------------------------------
2025-09-16 08:43:27.861575 (824833) main____ INFO    Jasper version info
2025-09-16 08:43:27.861577 (824833) main____ INFO      tool      : Jasper 2022.09
2025-09-16 08:43:27.861579 (824833) main____ INFO      version   : 2022.09p002 64 bits
2025-09-16 08:43:27.861580 (824833) main____ INFO      build date: 2022.11.24 12:29:17 UTC
2025-09-16 08:43:27.861581 (824833) main____ INFO    ----------------------------------------
2025-09-16 08:43:27.861582 (824833) main____ INFO    Runtime info:
2025-09-16 08:43:27.861584 (824833) main____ INFO      platform  : Linux 4.18.0-553.47.1.el8_10.x86_64 x86_64
2025-09-16 08:43:27.861585 (824833) main____ INFO      hostname  : Cadence_SERVER
2025-09-16 08:43:27.861586 (824833) main____ INFO      pid       : 824833
2025-09-16 08:43:27.861588 (824833) main____ INFO      arguments : '-style' 'windows' 'fail.tcl'
2025-09-16 08:43:27.861589 (824833) main____ INFO      locale    : ISO-8859-1
2025-09-16 08:43:27.861590 (824833) main____ INFO    ----------------------------------------
2025-09-16 08:43:27.861591 (824833) main____ INFO    System resource limits info:
2025-09-16 08:43:27.861592 (824833) main____ INFO      virtual memory: unlimited
2025-09-16 08:43:27.861594 (824833) main____ INFO      cpu time      : unlimited
2025-09-16 08:43:27.861596 (824833) main____ INFO      processes     : 383127
2025-09-16 08:43:27.861599 (824833) main____ INFO      stack size    : 33792000 B
2025-09-16 08:43:27.861600 (824833) main____ INFO      core file size: 0 B
2025-09-16 08:43:27.861601 (824833) main____ INFO      open files    : 1024
2025-09-16 08:43:27.861603 (824833) main____ INFO      file size     : unlimited
2025-09-16 08:43:27.861604 (824833) main____ INFO    ----------------------------------------
2025-09-16 08:43:27.861605 (824833) main____ INFO    Memory statistics:
2025-09-16 08:43:27.861606 (824833) main____ INFO      total physical memory  : 98146656 kB
2025-09-16 08:43:27.861607 (824833) main____ INFO      free physical memory   : 66989264 kB
2025-09-16 08:43:27.861608 (824833) main____ INFO      committed address space: 12963252 kB
2025-09-16 08:43:27.861609 (824833) main____ INFO    ----------------------------------------
2025-09-16 08:43:27.862012 (824833) main____ INFO    Important environment variables:
2025-09-16 08:43:27.862016 (824833) main____ INFO      CDS_AHDLCMI_ENABLE    : 'YES'
2025-09-16 08:43:27.862018 (824833) main____ INFO      CDS_AUTO_64BIT        : 'ALL'
2025-09-16 08:43:27.862019 (824833) main____ INFO      CDS_INST_DIR          : '/home/install/IC618'
2025-09-16 08:43:27.862021 (824833) main____ INFO      CDS_LIC_FILE          : '5280@192.168.72.54'
2025-09-16 08:43:27.862022 (824833) main____ INFO      CDS_Netlisting_Mode   : 'Analog'
2025-09-16 08:43:27.862024 (824833) main____ INFO      DISPLAY               : 'localhost:10.0'
2025-09-16 08:43:27.862025 (824833) main____ INFO      EDITOR                : 'gedit'
2025-09-16 08:43:27.862026 (824833) main____ INFO      JASPERHOME            : '/home/install/JASPER2209'
2025-09-16 08:43:27.862028 (824833) main____ INFO      JASPER_INSTALL_DIR    : '/home/install/JASPER2209'
2025-09-16 08:43:27.862029 (824833) main____ INFO      JASPER_KERNEL_CHECK   : '1'
2025-09-16 08:43:27.862030 (824833) main____ INFO      JASPER_MACRO_LINEFILES: '1'
2025-09-16 08:43:27.862032 (824833) main____ INFO      JASPER_OS_CHECK       : '1'
2025-09-16 08:43:27.862033 (824833) main____ INFO      JAVA_HOME             : '/home/ansuman/tools/jdk1.7.0_79'
2025-09-16 08:43:27.862034 (824833) main____ INFO      JG_MACRO_LINEFILES    : '1'
2025-09-16 08:43:27.862036 (824833) main____ INFO      LANG                  : 'en_US'
2025-09-16 08:43:27.862037 (824833) main____ INFO      LC_ADDRESS            : 'en_IN'
2025-09-16 08:43:27.862038 (824833) main____ INFO      LC_IDENTIFICATION     : 'en_IN'
2025-09-16 08:43:27.862039 (824833) main____ INFO      LC_MEASUREMENT        : 'en_IN'
2025-09-16 08:43:27.862040 (824833) main____ INFO      LC_MONETARY           : 'en_IN'
2025-09-16 08:43:27.862044 (824833) main____ INFO      LC_NAME               : 'en_IN'
2025-09-16 08:43:27.862045 (824833) main____ INFO      LC_NUMERIC            : 'en_IN'
2025-09-16 08:43:27.862046 (824833) main____ INFO      LC_PAPER              : 'en_IN'
2025-09-16 08:43:27.862047 (824833) main____ INFO      LC_TELEPHONE          : 'en_IN'
2025-09-16 08:43:27.862049 (824833) main____ INFO      LC_TIME               : 'en_IN'
2025-09-16 08:43:27.862050 (824833) main____ INFO      LM_LICENSE_FILE       : '5280@192.168.72.54'
2025-09-16 08:43:27.862051 (824833) main____ INFO    ----------------------------------------
2025-09-16 08:43:27.862130 (824833) lic_core INFO    Initializing license system ...
2025-09-16 08:43:27.862546 (824833) lic_core INFO    ... license system initialized.
2025-09-16 08:43:27.863310 (824833) lic__man INFO    Claim 'main' for <ui>.
2025-09-16 08:43:27.863325 (824833) lic_core INFO    (1) checking out 'jasper_interactive' ...
2025-09-16 08:43:27.867685 (824833) lic_core INFO    ... (1) checkout succeeded
2025-09-16 08:43:27.867703 (824833) lic__man INFO    Claim 'fpv' for <ui>.
2025-09-16 08:43:27.867709 (824833) lic_core INFO    (2) checking out 'jasper_fpv' ...
2025-09-16 08:43:27.868374 (824833) lic_core INFO    ... (2) checkout failed (error: -5) ("FLEXnet ERROR(-5, 0, 0): No such feature exists.")
2025-09-16 08:43:27.868381 (824833) lic_core INFO    (3) checking out 'jasper_fao' ...
2025-09-16 08:43:27.871635 (824833) lic_core INFO    ... (3) checkout succeeded
2025-09-16 08:43:27.871770 (824833) main____ INFO    Tool inactivity delay is 480000 ms.
2025-09-16 08:43:28.077887 (824833) lic__man INFO    Claim 'fpv' for <ui>.
2025-09-16 08:43:28.194180 (824833) lic__man INFO    Unclaim 'fpv' for <ui>.
2025-09-16 08:43:28.194198 (824833) lic__man INFO    Claim 'fpv' for <ui>.
2025-09-16 08:43:28.196176 (824833) session_ INFO    Starting analysis session with session id 'session_0' (launcher: <local>) ...
2025-09-16 08:43:28.197192 (824833) session_ INFO    Analysis session with session id 'session_0' started (pid: 824857)
2025-09-16 08:43:53.068526 (824833) session_ INFO    Analysis session 'session_0' connected to the console (host: 127.0.0.1:39640)
2025-09-16 08:43:53.381526 (824833) main____ INFO    Releasing console memory by request of analysis session 'session_0'.
2025-09-16 08:43:53.381788 (824833) lic__man INFO    Unclaim everything for 'session_0'.
2025-09-16 08:43:53.681054 (824833) lic__man INFO    Unclaim everything for 'session_0'.
2025-09-16 08:43:54.384028 (824833) lic__man INFO    Claim 'fpv' for 'session_0'.
2025-09-16 08:43:54.384053 (824833) lic__man INFO    Claim 'fpv' for 'session_0/prove-0'.
2025-09-16 08:43:57.093085 (824833) lic__man INFO    Unclaim everything for 'session_0/prove-0'.
