# ----------------------------------------
# Jasper Version Info
# tool      : Jasper 2022.09
# platform  : Linux 4.18.0-553.47.1.el8_10.x86_64
# version   : 2022.09p002 64 bits
# build date: 2022.11.24 12:29:17 UTC
# ----------------------------------------
# started   : 2025-09-16 08:43:28 IST
# hostname  : Cadence_SERVER.(none)
# pid       : 824857
# arguments : '-label' 'session_0' '-console' '//127.0.0.1:34169' '-style' 'windows' '-data' 'AAAAyHicY2RgYLCp////PwMYMFcBCQEGHwZfhiAGVyDpzxAGpBkYvBhMGYwYLBgMGBwYDBksgWw9IG0GFNFjMAfzTBlMGKyIUgUGjA8gNIMNIwMyYAxsQKEZGFhhCkGiYOelMSQyZDLkAI0rYUgG0kAAAGqbFJ8=' '-proj' '/home/src2024/formal/i2c/jgproject/sessionLogs/session_0' '-init' '-hidden' '/home/src2024/formal/i2c/jgproject/.tmp/.initCmds.tcl' 'fail.tcl'

Any disclosure about the Cadence Design Systems software or its use
model to any third party violates the written Non-Disclosure Agreement
between Cadence Design Systems, Inc. and the customer.

THIS SOFTWARE CONTAINS CONFIDENTIAL INFORMATION AND TRADE SECRETS OF
CADENCE DESIGN SYSTEMS, INC. USE, DISCLOSURE, OR REPRODUCTION IS
PROHIBITED WITHOUT THE PRIOR EXPRESS WRITTEN PERMISSION OF CADENCE
DESIGN SYSTEMS, INC.

Copyright (C) 2000-2022 Cadence Design Systems, Inc. All Rights
Reserved.  Unpublished -- rights reserved under the copyright laws of
the United States.

This product includes software developed by others and redistributed
according to license agreement. See doc/third_party_readme.txt for
further details.

RESTRICTED RIGHTS LEGEND

Use, duplication, or disclosure by the Government is subject to
restrictions as set forth in subparagraph (c) (1) (ii) of the Rights in
Technical Data and Computer Software clause at DFARS 252.227-7013 or
subparagraphs (c) (1) and (2) of Commercial Computer Software -- Restricted
Rights at 48 CFR 52.227-19, as applicable.


                          Cadence Design Systems, Inc.
                          2655 Seely Avenue
                          San Jose, CA 95134
                          Phone: 408.943.1234

For technical assistance visit http://support.cadence.com.

Jasper Apps Analysis Session - /home/src2024/formal/i2c/jgproject/sessionLogs/session_0

WARNING (WG017): [session]: The system's locale is "ISO-8859-1", which is not UTF-8. Non-ASCII characters might not be handled correctly.
WARNING (WG017): [jg_console]: The system's locale is "ISO-8859-1", which is not UTF-8. Non-ASCII characters might not be handled correctly.
INFO: successfully checked out licenses "jasper_interactive" and "jasper_fao".
INFO: reading configuration file "/home/src2024/.config/cadence/jasper.conf".
% clear -all
INFO (IPF121): Cleared environment completely for new design analysis.
% 
% set MAIN_PATH [pwd]
/home/src2024/formal/i2c
% 
% # Analyze Verilog files from filelist
% analyze -v2k -f ${MAIN_PATH}/i2c.f
INFO (INL011): Processing "-f" file "/home/src2024/formal/i2c/i2c.f".
[-- (VERI-1482)] Analyzing Verilog file './rtl/i2c_master_bit_ctrl.v'
[INFO (VERI-1328)] ./rtl/i2c_master_bit_ctrl.v(141): analyzing included file './rtl/i2c_master_defines.v'
[-- (VERI-1482)] Analyzing Verilog file './rtl/i2c_master_byte_ctrl.v'
[INFO (VERI-1328)] ./rtl/i2c_master_byte_ctrl.v(73): analyzing included file './rtl/i2c_master_defines.v'
[-- (VERI-1482)] Analyzing Verilog file './rtl/i2c_master_defines.v'
[-- (VERI-1482)] Analyzing Verilog file './rtl/timescale.v'
% 
% # Analyze SystemVerilog top module
% analyze -sv12 ${MAIN_PATH}/rtl/i2c_master_top.sv
[-- (VERI-1482)] Analyzing Verilog file '/home/install/JASPER2209/lib/verilog/packages/std/std.sv' into library 'std'
[-- (VERI-1482)] Analyzing Verilog file '/home/src2024/formal/i2c/rtl/i2c_master_top.sv'
[INFO (VERI-1328)] /home/src2024/formal/i2c/rtl/i2c_master_top.sv(76): analyzing included file '/home/src2024/formal/i2c/rtl/i2c_master_defines.v'
% analyze -sv12 ${MAIN_PATH}/fail/assert.sv
[-- (VERI-1482)] Analyzing Verilog file '/home/src2024/formal/i2c/fail/assert.sv'
% 
% # Initialize coverage
% # check_cov -init -model all
% 
% # Elaborate the design
% elaborate -top i2c_master_top
INFO (ISW003): Top module name is "i2c_master_top".
[INFO (HIER-8002)] /home/src2024/formal/i2c/rtl/i2c_master_top.sv(300): Disabling old hierarchical reference handler
[INFO (VERI-1018)] ./rtl/i2c_master_bit_ctrl.v(143): compiling module 'i2c_master_bit_ctrl'
[WARN (VERI-1209)] ./rtl/i2c_master_bit_ctrl.v(258): expression size 32 truncated to fit in target size 14
[WARN (VERI-1173)] ./rtl/i2c_master_bit_ctrl.v(406): synthesis - simulation differences may occur when using full_case directive
[INFO (VERI-1018)] ./rtl/i2c_master_byte_ctrl.v(75): compiling module 'i2c_master_byte_ctrl'
[WARN (VERI-1173)] ./rtl/i2c_master_byte_ctrl.v(230): synthesis - simulation differences may occur when using full_case directive
[INFO (VERI-1018)] /home/src2024/formal/i2c/fail/assert.sv(4): compiling module 'i2c_assertions'
[WARN (VDB-1002)] /home/src2024/formal/i2c/fail/assert.sv(38): net 'ctr[7]' does not have a driver
[WARN (VDB-1002)] /home/src2024/formal/i2c/fail/assert.sv(41): net 'cr[7]' does not have a driver
[WARN (VDB-1002)] /home/src2024/formal/i2c/fail/assert.sv(42): net 'sr[7]' does not have a driver
[INFO (VERI-1018)] /home/src2024/formal/i2c/rtl/i2c_master_top.sv(78): compiling module 'i2c_master_top'
INFO (INL208): Elaboration synthesis summary:
  Number of synthesized netlists          5 (1 packages)
  Single run mode                         On
  Pipeline                                On (4 pipelined netlists)
  Late hierarchical reference connection  On
  Number of analyzed Verilog modules      5 (5 synthesized)
  Number of analyzed VHDL entities        0 (0 synthesized)
WARNING (WOBS002): /home/src2024/formal/i2c/fail/assert.sv(473): Weakly embedded unbounded sequence in a ASSERT directive.
INFO (INL003): Clearing all state information (assumes, stopats, and so forth).
i2c_master_top
[<embedded>] % 
[<embedded>] % # Set clock and reset
[<embedded>] % clock wb_clk_i
[<embedded>] % #reset wb_rst_i 
[<embedded>] % reset -expr {wb_rst_i ~arst_i}
INFO (IPM031): Clearing proof results of all properties.
INFO (IRS006): Current reset condition is "wb_rst_i arst_i".
[<embedded>] % 
[<embedded>] % # Run formal verification
[<embedded>] % prove -all
Ncustom1: Custom engine code is hT3Ng7hPPfiYQOTDZ3qhYOwGAM51eA+J/FjkM5shLioAsqhgLR4Ft+O1BuKG6ilQ83B9tLXSl+CwjiTMAQA
Bcustom2: Custom engine code is hT3NZbhPDfiY2AbBQnsjfOxn6c+6e6yL+/e8fYmWaKaTqwEA
AMcustom3: Custom engine code is hT3Ng7hP/feYQOTDZ3qhYOwGAM51eA+J/FjkM5shLioAsqhgLR4Ft+O1BuKG6ilQ83B9tLXSmmqwm7g9AQA
INFO (IPF036): Starting proof on task: "<embedded>", 87 properties to prove with 0 already proven/unreachable
INFO (IRS029): Starting reset analysis: phase 1 of 4.
INFO (IRS030): Running reset analysis: phase 2 of 4.
INFO (IRS031): Running reset analysis: phase 3 of 4.
INFO (IRS020): Starting the reset analysis simulation with a limit of 100 iterations (phase 4 of 4).
INFO (IRS024): Reset iterations 0 to 4 analyzed.
INFO (IRS018): Reset analysis simulation executed for 3 iterations. Assigned values for 144 of 154 design flops, 0 of 0 design latches, 246 of 266 internal elements.
INFO (IRS039): Reset analysis complete.
INFO (IPF031): Settings used for proof thread 0:
    orchestration                 = on (auto)
    time_limit                    = 86400s
    per_property_time_limit       = 1s * 10 ^ scan
    engine_mode                   = auto
    proofgrid_per_engine_max_jobs = 1
    max engine jobs               = auto
    proofgrid_mode                = local
    proofgrid_restarts            = 10
AMcustom4: Custom engine code is hT3N1rhP11/52HrFRS21ROp2LOjVTgPvT8L8BGXHgLhaIuqtT4nARFjUqrBL+7pLmaTOzBepZW/Jm8SSrHDybSQtoNiO3y43wk+dEoWlsZizu97Fih6O6lPVG/LpWP5SsUPwlGagLNa1FKEFvwVXyX7//8prySbvSxIHXr5er+z4RAEA
Ncustom5: Custom engine code is hT3OXrhPByJp3TrFSTLhUmMH4KVtJgmTCnNDF46yMXOKY48m4LS5nE7yBzFjA7kDuwO/GhGUpEPiky3p3wmPn3dJZHxFMsafSoObRzSC+tn7sEY0WbTdZ/FV4hL3MYH/b1CIUvXSWR4wqEoVLsmMOD4xIPT4lI1LO6ZCO7PnnWQuLwetnvKlrXx6wCW/A+x+enqslg1YPobi4wEF/EvbzOvcTYdJvl2s4H2yZg2b2ofAVN5WvhWk1HoBAA
ADcustom6: Custom engine code is hT3Nv7hPv1752HrFRa2kROx2f/ECJeZB2AZsLdlO8VwmIuqtT4nIDFXclhg+O+o+DMmQCekbheGk0kK28laA9gaOFDXsQp29J3X615HY1IPHJWd6FUFvCHjO+p1k652b5JJvZlShNpGlGSXAiQe/mEAj6tEBAA
Ncustom7: Custom engine code is hT3NR7hPByFp3TrFSTLhUmMH4KWtJglTyV/c51BHEeZWamnJv767nE6PCak26bd3gf3XGN3rIRheufhDieCJQVISo+gNYUKhiUedBKGtsP/a18svAnlMJZudHxDFwK5ufsyoxsIyiAeSY2oi3tEuoDHr5gw42DFKAG3PqO3CEsl8Azzdt3pl5nGA1Ifv2H02eYsFzWb/nfp8PMb3F0krE/EgBcm8TD9Div8BAA
Tricustom8: Custom engine code is hT3Nu7hP3fiYQADBZnYcglNHp9bfd7EOeniIqP/ji8sGLQu8yhsFO+wxJ+O+R0bU8g/IewXFomyos+viQnWc2xYNYmMqpo3i40O7DaZR7qfp4YqNx26KRvQ/qx0BAA
0.0.PRE: A proof was found: No trace exists. [0.00 s]
INFO (IPF057): 0.0.PRE: The property "i2c_master_top.i2c_assert_inst.CR_ResetValue_Async_assert" was proven in 0.00 s.
0.0.PRE: A proof was found: No trace exists. [0.00 s]
INFO (IPF051): 0.0.PRE: The cover property "i2c_master_top.i2c_assert_inst.CR_ResetValue_Async_assert:precondition1" was proven unreachable in 0.00 s.
0.0.PRE: A proof was found: No trace exists. [0.00 s]
INFO (IPF057): 0.0.PRE: The property "i2c_master_top.i2c_assert_inst.AsyncResetValue_assert" was proven in 0.00 s.
0.0.PRE: A proof was found: No trace exists. [0.00 s]
INFO (IPF051): 0.0.PRE: The cover property "i2c_master_top.i2c_assert_inst.AsyncResetValue_assert:precondition1" was proven unreachable in 0.00 s.
0.0.PRE: A proof was found: No trace exists. [0.00 s]
INFO (IPF057): 0.0.PRE: The property "i2c_master_top.i2c_assert_inst.p_ctr_reserved_write_assert" was proven in 0.00 s.
0.0.PRE: A proof was found: No trace exists. [0.00 s]
INFO (IPF051): 0.0.PRE: The cover property "i2c_master_top.i2c_assert_inst.p_ctr_reserved_write_assert:precondition1" was proven unreachable in 0.00 s.
0.0.PRE: A proof was found: No trace exists. [0.00 s]
INFO (IPF057): 0.0.PRE: The property "i2c_master_top.i2c_assert_inst.p_en_safety_assert" was proven in 0.00 s.
0.0.PRE: A proof was found: No trace exists. [0.00 s]
INFO (IPF051): 0.0.PRE: The cover property "i2c_master_top.i2c_assert_inst.p_en_safety_assert:precondition1" was proven unreachable in 0.00 s.
0.0.PRE: A proof was found: No trace exists. [0.00 s]
INFO (IPF057): 0.0.PRE: The property "i2c_master_top.i2c_assert_inst.p_ien_interrupt_assert" was proven in 0.00 s.
0.0.PRE: A proof was found: No trace exists. [0.00 s]
INFO (IPF051): 0.0.PRE: The cover property "i2c_master_top.i2c_assert_inst.p_ien_interrupt_assert:precondition1" was proven unreachable in 0.00 s.
0.0.PRE: A proof was found: No trace exists. [0.00 s]
INFO (IPF057): 0.0.PRE: The property "i2c_master_top.i2c_assert_inst.rxack_phase_aligned_assert_1" was proven in 0.00 s.
0.0.PRE: A proof was found: No trace exists. [0.00 s]
INFO (IPF051): 0.0.PRE: The cover property "i2c_master_top.i2c_assert_inst.rxack_phase_aligned_assert_1:precondition1" was proven unreachable in 0.00 s.
0: Found proofs for 12 properties in preprocessing
0: Using multistage preprocessing
0: Starting reduce
0: Finished reduce in 0s
0.0.PRE: A proof was found: No trace exists. [0.00 s]
INFO (IPF057): 0.0.PRE: The property "i2c_master_top.i2c_assert_inst.CR_ResetValue_Sync_assert" was proven in 0.00 s.
0.0.PRE: A proof was found: No trace exists. [0.00 s]
INFO (IPF051): 0.0.PRE: The cover property "i2c_master_top.i2c_assert_inst.CR_ResetValue_Sync_assert:precondition1" was proven unreachable in 0.00 s.
0.0.PRE: A proof was found: No trace exists. [0.00 s]
INFO (IPF057): 0.0.PRE: The property "i2c_master_top.i2c_assert_inst.p_ctr_write_connectivity_assert" was proven in 0.00 s.
0.0.PRE: A proof was found: No trace exists. [0.00 s]
INFO (IPF051): 0.0.PRE: The cover property "i2c_master_top.i2c_assert_inst.p_ctr_write_connectivity_assert:precondition1" was proven unreachable in 0.00 s.
0.0.PRE: A proof was found: No trace exists. [0.00 s]
INFO (IPF057): 0.0.PRE: The property "i2c_master_top.i2c_assert_inst.p_ctr_write_connectivity_ack_assert" was proven in 0.00 s.
0.0.PRE: A proof was found: No trace exists. [0.00 s]
INFO (IPF051): 0.0.PRE: The cover property "i2c_master_top.i2c_assert_inst.p_ctr_write_connectivity_ack_assert:precondition1" was proven unreachable in 0.00 s.
0.0.PRE: A proof was found: No trace exists. [0.00 s]
INFO (IPF057): 0.0.PRE: The property "i2c_master_top.i2c_assert_inst.p_en_clear_safety_assert" was proven in 0.00 s.
0.0.PRE: A proof was found: No trace exists. [0.00 s]
INFO (IPF051): 0.0.PRE: The cover property "i2c_master_top.i2c_assert_inst.p_en_clear_safety_assert:precondition1" was proven unreachable in 0.00 s.
0.0.PRE: A proof was found: No trace exists. [0.00 s]
INFO (IPF057): 0.0.PRE: The property "i2c_master_top.i2c_assert_inst.p_ctr_reset_sync_assert" was proven in 0.00 s.
0.0.PRE: A proof was found: No trace exists. [0.00 s]
INFO (IPF051): 0.0.PRE: The cover property "i2c_master_top.i2c_assert_inst.p_ctr_reset_sync_assert:precondition1" was proven unreachable in 0.00 s.
0.0.PRE: A proof was found: No trace exists. [0.00 s]
INFO (IPF057): 0.0.PRE: The property "i2c_master_top.i2c_assert_inst.p_ctr_reset_async_assert" was proven in 0.00 s.
0.0.PRE: A proof was found: No trace exists. [0.00 s]
INFO (IPF051): 0.0.PRE: The cover property "i2c_master_top.i2c_assert_inst.p_ctr_reset_async_assert:precondition1" was proven unreachable in 0.00 s.
0.0.PRE: A proof was found: No trace exists. [0.00 s]
INFO (IPF057): 0.0.PRE: The property "i2c_master_top.i2c_assert_inst.p_ctr_write_assert" was proven in 0.00 s.
0.0.PRE: A proof was found: No trace exists. [0.00 s]
INFO (IPF051): 0.0.PRE: The cover property "i2c_master_top.i2c_assert_inst.p_ctr_write_assert:precondition1" was proven unreachable in 0.00 s.
0.0.PRE: A proof was found: No trace exists. [0.00 s]
INFO (IPF057): 0.0.PRE: The property "i2c_master_top.i2c_assert_inst._assert_26" was proven in 0.00 s.
0.0.PRE: A proof was found: No trace exists. [0.00 s]
INFO (IPF051): 0.0.PRE: The cover property "i2c_master_top.i2c_assert_inst._assert_26:precondition1" was proven unreachable in 0.00 s.
0.0.PRE: A proof was found: No trace exists. [0.00 s]
INFO (IPF057): 0.0.PRE: The property "i2c_master_top.i2c_assert_inst.sr_connectivity_1_assert" was proven in 0.00 s.
0.0.PRE: A proof was found: No trace exists. [0.00 s]
INFO (IPF051): 0.0.PRE: The cover property "i2c_master_top.i2c_assert_inst.sr_connectivity_1_assert:precondition1" was proven unreachable in 0.00 s.
0.0.PRE: A proof was found: No trace exists. [0.00 s]
INFO (IPF057): 0.0.PRE: The property "i2c_master_top.i2c_assert_inst.tip_lifecycle_2_assert" was proven in 0.00 s.
0.0.PRE: A proof was found: No trace exists. [0.00 s]
INFO (IPF051): 0.0.PRE: The cover property "i2c_master_top.i2c_assert_inst.tip_lifecycle_2_assert:precondition1" was proven unreachable in 0.00 s.
0.0.PRE: A proof was found: No trace exists. [0.00 s]
INFO (IPF057): 0.0.PRE: The property "i2c_master_top.i2c_assert_inst.iflag_comprehensive_assert" was proven in 0.00 s.
0.0.PRE: A proof was found: No trace exists. [0.00 s]
INFO (IPF051): 0.0.PRE: The cover property "i2c_master_top.i2c_assert_inst.iflag_comprehensive_assert:precondition1" was proven unreachable in 0.00 s.
0.0.PRE: A proof was found: No trace exists. [0.00 s]
INFO (IPF057): 0.0.PRE: The property "i2c_master_top.i2c_assert_inst.rxack_phase_aligned_assert" was proven in 0.00 s.
0.0.PRE: A proof was found: No trace exists. [0.00 s]
INFO (IPF051): 0.0.PRE: The cover property "i2c_master_top.i2c_assert_inst.rxack_phase_aligned_assert:precondition1" was proven unreachable in 0.00 s.
0.0.PRE: A proof was found: No trace exists. [0.00 s]
INFO (IPF051): 0.0.PRE: The cover property "i2c_master_top.i2c_assert_inst.rxack_phase_aligned_assert:precondition2" was proven unreachable in 0.00 s.
0: Found proofs for 25 properties in preprocessing
0.0.PRE: Performing Proof Simplification...
0.0.N: clocks: 1, declared: 1, looping: 0, posedge: 1, negedge: 0, noedge: 0, bothedge: 0
0.0.N: Proof Simplification Iteration 1	[0.00 s]
0.0.PRE: A trace with 1 cycles was found. [0.00 s]
INFO (IPF047): 0.0.PRE: The cover property "i2c_master_top.i2c_assert_inst.ACK_StableDuringRead_assert:precondition1" was covered in 1 cycles in 0.00 s.
INFO (IPF055): 0.0.PRE: A counterexample (cex) with 1 cycles was found for the property "i2c_master_top.i2c_assert_inst._assert_27" in 0.00 s.
INFO (IPF047): 0.0.PRE: The cover property "i2c_master_top.i2c_assert_inst.tip_lifecycle_1_assert:precondition1" was covered in 1 cycles in 0.00 s.
INFO (IPF047): 0.0.PRE: The cover property "i2c_master_top.i2c_assert_inst.iflag_comprehensive_1_assert:precondition1" was covered in 1 cycles in 0.00 s.
INFO (IPF047): 0.0.PRE: The cover property "i2c_master_top.i2c_assert_inst.tip_lifecycle_assert:precondition1" was covered in 1 cycles in 0.00 s.
INFO (IPF047): 0.0.PRE: The cover property "i2c_master_top.i2c_assert_inst.iflag_management_assert:precondition1" was covered in 1 cycles in 0.00 s.
INFO (IPF047): 0.0.PRE: The cover property "i2c_master_top.i2c_assert_inst.tup_active_assert:precondition1" was covered in 1 cycles in 0.00 s.
INFO (IPF047): 0.0.PRE: The cover property "i2c_master_top.i2c_assert_inst.iflag_set_assert:precondition1" was covered in 1 cycles in 0.00 s.
0.0.N: Proof Simplification Iteration 2	[0.01 s]
0.0.N: Proof Simplification Iteration 3	[0.01 s]
0.0.PRE: A proof was found: No trace exists. [0.00 s]
INFO (IPF057): 0.0.PRE: The property ":noDeadEnd" was proven in 0.00 s.
    Use check_assumptions -show -dead_end to show this property in the property table.
0.0.PRE: A proof was found: No trace exists. [0.00 s]
INFO (IPF057): 0.0.PRE: The property ":noConflict" was proven in 0.00 s.
    Use check_assumptions -show to show this property in the property table.
INFO (IPF047): 0.0.PRE: The cover property ":live" was covered in 1 cycles in 0.00 s.
    Use check_assumptions -show -live to show this property in the property table.
0.0.PRE: Proof Simplification completed in 0.02 s
0.0.N: Identified and disabled 13 duplicated targets.
0: About to start ProofGrid in its own thread with a limit of 10000 pending notifications and a limit of 10 traces.
0: =============================== ProofGrid start ===============================
0: ProofGrid usable level: 36
0: ProofGrid is starting event handling
0.0.N: Proofgrid shell started at 824970@Cadence_SERVER(local) jg_824857_Cadence_SERVER_1
0.0.N: clocks: 1, declared: 1, looping: 0, posedge: 1, negedge: 0, noedge: 0, bothedge: 0
0.0.N: Next scan (0) will use per property time limit: 1s * 10 ^ 0 = 1s
0.0.N: Starting proof for property "i2c_master_top.i2c_assert_inst.ReservedBitsZero_assert"	[0.00 s].
0.0.N: Trace Attempt  1	[0.00 s]
0.0.N: A trace with 1 cycles was found. [0.00 s]
INFO (IPF055): 0.0.N: A counterexample (cex) with 1 cycles was found for the property "i2c_master_top.i2c_assert_inst.ReservedBitsZero_assert" in 0.00 s.
INFO (IPF047): 0.0.N: The cover property "i2c_master_top.i2c_assert_inst.ReservedBitsZero_assert:precondition1" was covered in 1 cycles in 0.00 s by the incidental trace "i2c_master_top.i2c_assert_inst.ReservedBitsZero_assert".
INFO (IPF047): 0.0.N: The cover property "i2c_master_top.i2c_assert_inst.ReservedBitsConnectivity_assert:precondition1" was covered in 1 cycles in 0.00 s by the incidental trace "i2c_master_top.i2c_assert_inst.ReservedBitsZero_assert".
INFO (IPF047): 0.0.N: The cover property "i2c_master_top.i2c_assert_inst.CommandAutoClear_assert:precondition1" was covered in 1 cycles in 0.00 s by the incidental trace "i2c_master_top.i2c_assert_inst.ReservedBitsZero_assert".
INFO (IPF047): 0.0.N: The cover property "i2c_master_top.i2c_assert_inst.NoRD_WR_Conflict_assert:precondition1" was covered in 1 cycles in 0.00 s by the incidental trace "i2c_master_top.i2c_assert_inst.ReservedBitsZero_assert".
INFO (IPF047): 0.0.N: The cover property "i2c_master_top.i2c_assert_inst.NoSTA_STO_Conflict_assert:precondition1" was covered in 1 cycles in 0.00 s by the incidental trace "i2c_master_top.i2c_assert_inst.ReservedBitsZero_assert".
0.0.N: Stopped processing property "i2c_master_top.i2c_assert_inst.ReservedBitsZero_assert"	[0.00 s].
0.0.N: Starting proof for property "i2c_master_top.i2c_assert_inst.ReservedBitsConnectivity_assert"	[0.00 s].
0.0.N: Trace Attempt  1	[0.00 s]
0.0.N: A max_length bound was found. The shortest trace is no longer than 2 cycles. [0.00 s]
INFO (IPF008): 0.0.N: A max_length bound of 2 was found for the property "i2c_master_top.i2c_assert_inst.ReservedBitsConnectivity_assert" in 0.00 s.
0.0.N: Trace Attempt  2	[0.00 s]
0.0.N: Trace Attempt  2	[0.00 s]
0.0.N: A trace with 2 cycles was found. [0.00 s]
INFO (IPF055): 0.0.N: A counterexample (cex) with 2 cycles was found for the property "i2c_master_top.i2c_assert_inst.ReservedBitsConnectivity_assert" in 0.00 s.
INFO (IPF055): 0.0.N: A counterexample (cex) with 2 cycles was found for the property "i2c_master_top.i2c_assert_inst.tip_lifecycle_1_assert" in 0.00 s by the incidental trace "i2c_master_top.i2c_assert_inst.ReservedBitsConnectivity_assert".
INFO (IPF055): 0.0.N: A counterexample (cex) with 1 cycles was found for the property "i2c_master_top.i2c_assert_inst.tip_lifecycle_assert" in 0.00 s by the incidental trace "i2c_master_top.i2c_assert_inst.ReservedBitsConnectivity_assert".
INFO (IPF055): 0.0.N: A counterexample (cex) with 2 cycles was found for the property "i2c_master_top.i2c_assert_inst.tup_active_assert" in 0.00 s by the incidental trace "i2c_master_top.i2c_assert_inst.ReservedBitsConnectivity_assert".
0.0.N: Stopped processing property "i2c_master_top.i2c_assert_inst.ReservedBitsConnectivity_assert"	[0.00 s].
0.0.N: Starting proof for property "i2c_master_top.i2c_assert_inst.CommandAutoClear_assert"	[0.00 s].
0.0.N: Trace Attempt  1	[0.00 s]
0.0.N: A max_length bound was found. The shortest trace is no longer than 2 cycles. [0.00 s]
INFO (IPF008): 0.0.N: A max_length bound of 2 was found for the property "i2c_master_top.i2c_assert_inst.CommandAutoClear_assert" in 0.00 s.
0.0.N: Trace Attempt  2	[0.00 s]
0.0.N: Trace Attempt  2	[0.00 s]
0.0.N: A trace with 2 cycles was found. [0.00 s]
INFO (IPF055): 0.0.N: A counterexample (cex) with 2 cycles was found for the property "i2c_master_top.i2c_assert_inst.CommandAutoClear_assert" in 0.00 s.
0.0.N: Stopped processing property "i2c_master_top.i2c_assert_inst.CommandAutoClear_assert"	[0.00 s].
0.0.N: Starting proof for property "i2c_master_top.i2c_assert_inst.STA_AutoClear_assert"	[0.00 s].
0.0.N: Trace Attempt  1	[0.00 s]
0.0.N: A max_length bound was found. The shortest trace is no longer than 2 cycles. [0.00 s]
INFO (IPF008): 0.0.N: A max_length bound of 2 was found for the property "i2c_master_top.i2c_assert_inst.STA_AutoClear_assert" in 0.00 s.
0.0.N: Trace Attempt  2	[0.00 s]
0.0.N: Trace Attempt  2	[0.00 s]
0.0.N: A trace with 2 cycles was found. [0.00 s]
INFO (IPF055): 0.0.N: A counterexample (cex) with 2 cycles was found for the property "i2c_master_top.i2c_assert_inst.STA_AutoClear_assert" in 0.00 s.
INFO (IPF047): 0.0.N: The cover property "i2c_master_top.i2c_assert_inst.STA_AutoClear_assert:precondition1" was covered in 1 cycles in 0.00 s by the incidental trace "i2c_master_top.i2c_assert_inst.STA_AutoClear_assert".
0.0.N: Stopped processing property "i2c_master_top.i2c_assert_inst.STA_AutoClear_assert"	[0.00 s].
0.0.N: Starting proof for property "i2c_master_top.i2c_assert_inst.STO_AutoClear_assert"	[0.00 s].
0.0.N: Trace Attempt  1	[0.00 s]
0.0.N: A max_length bound was found. The shortest trace is no longer than 2 cycles. [0.00 s]
INFO (IPF008): 0.0.N: A max_length bound of 2 was found for the property "i2c_master_top.i2c_assert_inst.STO_AutoClear_assert" in 0.00 s.
0.0.N: Trace Attempt  2	[0.00 s]
0.0.N: Trace Attempt  2	[0.00 s]
0.0.N: A trace with 2 cycles was found. [0.00 s]
INFO (IPF055): 0.0.N: A counterexample (cex) with 2 cycles was found for the property "i2c_master_top.i2c_assert_inst.STO_AutoClear_assert" in 0.00 s.
INFO (IPF047): 0.0.N: The cover property "i2c_master_top.i2c_assert_inst.STO_AutoClear_assert:precondition1" was covered in 1 cycles in 0.00 s by the incidental trace "i2c_master_top.i2c_assert_inst.STO_AutoClear_assert".
0.0.N: Stopped processing property "i2c_master_top.i2c_assert_inst.STO_AutoClear_assert"	[0.00 s].
0.0.N: Starting proof for property "i2c_master_top.i2c_assert_inst.RD_AutoClear_assert"	[0.00 s].
0.0.N: Trace Attempt  1	[0.00 s]
0.0.N: A max_length bound was found. The shortest trace is no longer than 2 cycles. [0.00 s]
INFO (IPF008): 0.0.N: A max_length bound of 2 was found for the property "i2c_master_top.i2c_assert_inst.RD_AutoClear_assert" in 0.00 s.
0.0.N: Trace Attempt  2	[0.00 s]
0.0.N: Trace Attempt  2	[0.00 s]
0.0.N: A trace with 2 cycles was found. [0.00 s]
INFO (IPF055): 0.0.N: A counterexample (cex) with 2 cycles was found for the property "i2c_master_top.i2c_assert_inst.RD_AutoClear_assert" in 0.00 s.
INFO (IPF047): 0.0.N: The cover property "i2c_master_top.i2c_assert_inst.RD_AutoClear_assert:precondition1" was covered in 1 cycles in 0.00 s by the incidental trace "i2c_master_top.i2c_assert_inst.RD_AutoClear_assert".
0.0.N: Stopped processing property "i2c_master_top.i2c_assert_inst.RD_AutoClear_assert"	[0.00 s].
0.0.N: Starting proof for property "i2c_master_top.i2c_assert_inst.WR_AutoClear_assert"	[0.00 s].
0.0.N: Trace Attempt  1	[0.00 s]
0.0.N: A max_length bound was found. The shortest trace is no longer than 2 cycles. [0.00 s]
INFO (IPF008): 0.0.N: A max_length bound of 2 was found for the property "i2c_master_top.i2c_assert_inst.WR_AutoClear_assert" in 0.00 s.
0.0.N: Trace Attempt  2	[0.00 s]
0.0.N: Trace Attempt  2	[0.00 s]
0.0.N: A trace with 2 cycles was found. [0.00 s]
INFO (IPF055): 0.0.N: A counterexample (cex) with 2 cycles was found for the property "i2c_master_top.i2c_assert_inst.WR_AutoClear_assert" in 0.00 s.
INFO (IPF047): 0.0.N: The cover property "i2c_master_top.i2c_assert_inst.WR_AutoClear_assert:precondition1" was covered in 1 cycles in 0.00 s by the incidental trace "i2c_master_top.i2c_assert_inst.WR_AutoClear_assert".
0.0.N: Stopped processing property "i2c_master_top.i2c_assert_inst.WR_AutoClear_assert"	[0.00 s].
0.0.N: Starting proof for property "i2c_master_top.i2c_assert_inst.IACK_AutoClear_assert"	[0.00 s].
0.0.N: Trace Attempt  1	[0.00 s]
0.0.N: A max_length bound was found. The shortest trace is no longer than 2 cycles. [0.00 s]
INFO (IPF008): 0.0.N: A max_length bound of 2 was found for the property "i2c_master_top.i2c_assert_inst.IACK_AutoClear_assert" in 0.00 s.
0.0.N: Trace Attempt  2	[0.00 s]
0.0.N: Trace Attempt  2	[0.00 s]
0.0.N: A trace with 2 cycles was found. [0.00 s]
INFO (IPF055): 0.0.N: A counterexample (cex) with 2 cycles was found for the property "i2c_master_top.i2c_assert_inst.IACK_AutoClear_assert" in 0.00 s.
INFO (IPF047): 0.0.N: The cover property "i2c_master_top.i2c_assert_inst.IACK_AutoClear_assert:precondition1" was covered in 1 cycles in 0.00 s by the incidental trace "i2c_master_top.i2c_assert_inst.IACK_AutoClear_assert".
INFO (IPF047): 0.0.N: The cover property "i2c_master_top.i2c_assert_inst.iflag_clear_assert:precondition1" was covered in 2 cycles in 0.00 s by the incidental trace "i2c_master_top.i2c_assert_inst.IACK_AutoClear_assert".
INFO (IPF047): 0.0.N: The cover property "i2c_master_top.i2c_assert_inst.IACK_ClearsInterrupt_assert:precondition1" was covered in 1 cycles in 0.00 s by the incidental trace "i2c_master_top.i2c_assert_inst.IACK_AutoClear_assert".
0.0.N: Stopped processing property "i2c_master_top.i2c_assert_inst.IACK_AutoClear_assert"	[0.00 s].
0.0.Hp: Proofgrid shell started at 824973@Cadence_SERVER(local) jg_824857_Cadence_SERVER_1
0.0.N: Starting proof for property "i2c_master_top.i2c_assert_inst.IACK_ClearsInterrupt_assert"	[0.00 s].
0.0.N: Trace Attempt  1	[0.00 s]
0.0.N: A max_length bound was found. The shortest trace is no longer than 2 cycles. [0.00 s]
INFO (IPF008): 0.0.N: A max_length bound of 2 was found for the property "i2c_master_top.i2c_assert_inst.IACK_ClearsInterrupt_assert" in 0.00 s.
0.0.N: Trace Attempt  2	[0.00 s]
0.0.N: Trace Attempt  2	[0.00 s]
0.0.N: A trace with 2 cycles was found. [0.00 s]
INFO (IPF055): 0.0.N: A counterexample (cex) with 2 cycles was found for the property "i2c_master_top.i2c_assert_inst.IACK_ClearsInterrupt_assert" in 0.00 s.
0.0.N: Stopped processing property "i2c_master_top.i2c_assert_inst.IACK_ClearsInterrupt_assert"	[0.00 s].
0.0.Hp: clocks: 1, declared: 1, looping: 0, posedge: 1, negedge: 0, noedge: 0, bothedge: 0
0.0.N: Starting proof for property "i2c_master_top.i2c_assert_inst.NoRD_WR_Conflict_assert"	[0.00 s].
0.0.N: Trace Attempt  1	[0.00 s]
0.0.N: A trace with 1 cycles was found. [0.00 s]
INFO (IPF055): 0.0.N: A counterexample (cex) with 1 cycles was found for the property "i2c_master_top.i2c_assert_inst.NoRD_WR_Conflict_assert" in 0.00 s.
0.0.N: Stopped processing property "i2c_master_top.i2c_assert_inst.NoRD_WR_Conflict_assert"	[0.00 s].
0.0.N: Starting proof for property "i2c_master_top.i2c_assert_inst.NoSTA_STO_Conflict_assert"	[0.00 s].
0.0.N: Trace Attempt  1	[0.00 s]
0.0.N: A trace with 1 cycles was found. [0.00 s]
INFO (IPF055): 0.0.N: A counterexample (cex) with 1 cycles was found for the property "i2c_master_top.i2c_assert_inst.NoSTA_STO_Conflict_assert" in 0.00 s.
0.0.N: Stopped processing property "i2c_master_top.i2c_assert_inst.NoSTA_STO_Conflict_assert"	[0.00 s].
0.0.Hp: Trace Attempt  1	[0.00 s]
0.0.Hp: A trace with 1 cycles was found. [0.00 s]
INFO (IPF055): 0.0.Hp: A counterexample (cex) with 1 cycles was found for the property "i2c_master_top.i2c_assert_inst.ACK_ValidDuringRead_assert" in 0.00 s.
INFO (IPF047): 0.0.Hp: The cover property "i2c_master_top.i2c_assert_inst.ACK_ValidDuringRead_assert:precondition1" was covered in 1 cycles in 0.00 s.
0.0.Hp: A trace with 1 cycles was found. [0.00 s]
INFO (IPF055): 0.0.Hp: A counterexample (cex) with 1 cycles was found for the property "i2c_master_top.i2c_assert_inst.ACK_StableDuringRead_assert" in 0.00 s.
0.0.Hp: A trace with 1 cycles was found. [0.00 s]
INFO (IPF055): 0.0.Hp: A counterexample (cex) with 1 cycles was found for the property "i2c_master_top.i2c_assert_inst.iflag_comprehensive_1_assert" in 0.00 s.
INFO (IPF055): 0.0.Hp: A counterexample (cex) with 1 cycles was found for the property "i2c_master_top.i2c_assert_inst.iflag_set_assert" in 0.00 s.
0.0.Hp: A trace with 1 cycles was found. [0.00 s]
INFO (IPF055): 0.0.Hp: A counterexample (cex) with 1 cycles was found for the property "i2c_master_top.i2c_assert_inst.sr_connectivity_assert" in 0.00 s.
INFO (IPF047): 0.0.Hp: The cover property "i2c_master_top.i2c_assert_inst.sr_connectivity_assert:precondition1" was covered in 1 cycles in 0.00 s.
0: ProofGrid is temporarily paused because there are too many pending traces.
0: ProofGrid is resuming to work after pausing for 0s. The amount of pending traces decreased.
0.0.Hp: A trace with 1 cycles was found. [0.00 s]
INFO (IPF047): 0.0.Hp: The cover property "i2c_master_top.i2c_assert_inst.iflag_management_assert:precondition2" was covered in 1 cycles in 0.01 s.
0.0.N: Starting proof for property "i2c_master_top.i2c_assert_inst.sr_connectivity_2_assert"	[0.00 s].
0.0.N: Trace Attempt  1	[0.00 s]
0.0.N: Trace Attempt  2	[0.00 s]
0.0.N: Trace Attempt  2	[0.00 s]
0.0.N: A trace with 2 cycles was found. [0.00 s]
INFO (IPF055): 0.0.N: A counterexample (cex) with 2 cycles was found for the property "i2c_master_top.i2c_assert_inst.sr_connectivity_2_assert" in 0.00 s.
INFO (IPF047): 0.0.N: The cover property "i2c_master_top.i2c_assert_inst.sr_connectivity_2_assert:precondition1" was covered in 2 cycles in 0.00 s by the incidental trace "i2c_master_top.i2c_assert_inst.sr_connectivity_2_assert".
0.0.N: Stopped processing property "i2c_master_top.i2c_assert_inst.sr_connectivity_2_assert"	[0.00 s].
0.0.Hp: A trace with 1 cycles was found. [0.00 s]
INFO (IPF055): 0.0.Hp: A counterexample (cex) with 1 cycles was found for the property "i2c_master_top.i2c_assert_inst.rxack_nack_assert" in 0.01 s.
INFO (IPF047): 0.0.Hp: The cover property "i2c_master_top.i2c_assert_inst.rxack_nack_assert:precondition1" was covered in 1 cycles in 0.01 s.
0.0.Hp: Trace Attempt  2	[0.01 s]
0.0.Hp: A trace with 2 cycles was found. [0.01 s]
INFO (IPF047): 0.0.Hp: The cover property "i2c_master_top.i2c_assert_inst.rxack_validation_assert:precondition1" was covered in 2 cycles in 0.01 s.
0.0.Hp: A trace with 2 cycles was found. [0.01 s]
INFO (IPF055): 0.0.Hp: A counterexample (cex) with 2 cycles was found for the property "i2c_master_top.i2c_assert_inst.iflag_management_assert" in 0.01 s.
INFO (IPF055): 0.0.Hp: A counterexample (cex) with 2 cycles was found for the property "i2c_master_top.i2c_assert_inst.iflag_clear_assert" in 0.01 s.
0.0.N: Requesting engine job to stop
0.0.Hp: Requesting engine job to terminate
INFO (IPF144): 0: Initiating shutdown of proof [0.02 s]
0: ProofGrid is temporarily paused because there are too many pending traces.
0: ProofGrid is resuming to work after pausing for 0s. The amount of pending traces decreased.
0.0.Hp: A trace with 2 cycles was found. [0.01 s]
INFO (IPF055): 0.0.Hp: A counterexample (cex) with 2 cycles was found for the property "i2c_master_top.i2c_assert_inst.rxack_validation_assert" in 0.01 s.
0.0.Hp: All properties determined. [0.01 s]
0.0.N: Interrupted. [0.00 s]
0.0.Hp: Exited with Success (@ 0.02 s)
0: ProofGrid usable level: 0
0.0.N: Exited with Success (@ 0.02 s)
0.0.Ht: Proofgrid shell started at 825004@Cadence_SERVER(local) jg_824857_Cadence_SERVER_1
0.0.Ht: Requesting engine job to terminate
0.0.Ht: Preventing job from starting because proof is shutting down.
0.0.Ht: Requesting engine job to terminate
0.0.Ht: Interrupted. [0.00 s]
0.0.B: Proofgrid shell started at 825005@Cadence_SERVER(local) jg_824857_Cadence_SERVER_1
0.0.B: Requesting engine job to terminate
0.0.Ht: Exited with Success (@ 0.03 s)
0.0.B: Preventing job from starting because proof is shutting down.
0.0.B: Requesting engine job to terminate
0.0.B: Interrupted. [0.00 s]
0.0.B: Exited with Success (@ 0.03 s)
0: --------------------------------------------------------------
ProofGrid Summary (utilization 16.76 %)
--------------------------------------------------------------
     engines started                               :     4
     engine jobs started                           :     4

    Average time in state (seconds)
    ------------------------------------------------------
    Engine  Pending     Running        Dead    Utilization
    ------------------------------------------------------
      N        0.03        0.02        0.00       38.39 %
     Hp        0.04        0.01        0.00       14.46 %
     Ht        0.03        0.00        0.00        0.00 %
      B        0.03        0.00        0.00        0.00 %
    all        0.03        0.01        0.00       16.76 %

    Total time in state (seconds)
    -----------------------------------------
            Pending     Running        Dead  
    -----------------------------------------
               0.13        0.03        0.00

    Data read    : 42.19 kiB
    Data written : 3.54 kiB

0: All pending notifications were processed.
INFO (IPF059): Completed proof on task: "<embedded>" for proof thread 0

==============================================================
SUMMARY
==============================================================
           Properties Considered              : 87
                 assertions                   : 43
                  - proven                    : 18 (41.8605%)
                  - bounded_proven (user)     : 0 (0%)
                  - bounded_proven (auto)     : 0 (0%)
                  - marked_proven             : 0 (0%)
                  - cex                       : 25 (58.1395%)
                  - ar_cex                    : 0 (0%)
                  - undetermined              : 0 (0%)
                  - unknown                   : 0 (0%)
                  - error                     : 0 (0%)
                 covers                       : 44
                  - unreachable               : 19 (43.1818%)
                  - bounded_unreachable (user): 0 (0%)
                  - covered                   : 25 (56.8182%)
                  - ar_covered                : 0 (0%)
                  - undetermined              : 0 (0%)
                  - unknown                   : 0 (0%)
                  - error                     : 0 (0%)
determined
[<embedded>] % 
[<embedded>] % # Measure coverage
[<embedded>] % #  check_cov -measure -time_limit 2h
[<embedded>] % #  check_cov -report -no_return -report_file report.txt -force -exclude { reset waived } -checker COI
[<embedded>] % #  check_cov -report -no_return -report_file cover.html \
#      -html -force -exclude { reset waived } -checker COI
[<embedded>] % 
[<embedded>] % # Generate report
[<embedded>] % # report -summary -force -result -file i2c.fpv.rpt
[<embedded>] % 
[<embedded>] % # Exit JasperGold
[<embedded>] % # exit -force
[<embedded>] % 
[<embedded>] % include fail.tcl
%% clear -all
INFO (IPF121): Cleared environment completely for new design analysis.
%% 
%% set MAIN_PATH [pwd]
/home/src2024/formal/i2c
%% 
%% # Analyze Verilog files from filelist
%% analyze -v2k -f ${MAIN_PATH}/i2c.f
INFO (INL011): Processing "-f" file "/home/src2024/formal/i2c/i2c.f".
[-- (VERI-1482)] Analyzing Verilog file './rtl/i2c_master_bit_ctrl.v'
[INFO (VERI-1328)] ./rtl/i2c_master_bit_ctrl.v(141): analyzing included file './rtl/i2c_master_defines.v'
[-- (VERI-1482)] Analyzing Verilog file './rtl/i2c_master_byte_ctrl.v'
[INFO (VERI-1328)] ./rtl/i2c_master_byte_ctrl.v(73): analyzing included file './rtl/i2c_master_defines.v'
[-- (VERI-1482)] Analyzing Verilog file './rtl/i2c_master_defines.v'
[-- (VERI-1482)] Analyzing Verilog file './rtl/timescale.v'
%% 
%% # Analyze SystemVerilog top module
%% analyze -sv12 ${MAIN_PATH}/rtl/i2c_master_top.sv
[-- (VERI-1482)] Analyzing Verilog file '/home/install/JASPER2209/lib/verilog/packages/std/std.sv' into library 'std'
[-- (VERI-1482)] Analyzing Verilog file '/home/src2024/formal/i2c/rtl/i2c_master_top.sv'
[INFO (VERI-1328)] /home/src2024/formal/i2c/rtl/i2c_master_top.sv(76): analyzing included file '/home/src2024/formal/i2c/rtl/i2c_master_defines.v'
%% analyze -sv12 ${MAIN_PATH}/fail/assert.sv
[-- (VERI-1482)] Analyzing Verilog file '/home/src2024/formal/i2c/fail/assert.sv'
%% 
%% # Initialize coverage
%% # check_cov -init -model all
%% 
%% # Elaborate the design
%% elaborate -top i2c_master_top
INFO (ISW003): Top module name is "i2c_master_top".
[INFO (HIER-8002)] /home/src2024/formal/i2c/rtl/i2c_master_top.sv(300): Disabling old hierarchical reference handler
[INFO (VERI-1018)] ./rtl/i2c_master_bit_ctrl.v(143): compiling module 'i2c_master_bit_ctrl'
[WARN (VERI-1209)] ./rtl/i2c_master_bit_ctrl.v(258): expression size 32 truncated to fit in target size 14
[WARN (VERI-1173)] ./rtl/i2c_master_bit_ctrl.v(406): synthesis - simulation differences may occur when using full_case directive
[INFO (VERI-1018)] ./rtl/i2c_master_byte_ctrl.v(75): compiling module 'i2c_master_byte_ctrl'
[WARN (VERI-1173)] ./rtl/i2c_master_byte_ctrl.v(230): synthesis - simulation differences may occur when using full_case directive
[INFO (VERI-1018)] /home/src2024/formal/i2c/fail/assert.sv(4): compiling module 'i2c_assertions'
[WARN (VDB-1002)] /home/src2024/formal/i2c/fail/assert.sv(38): net 'ctr[7]' does not have a driver
[WARN (VDB-1002)] /home/src2024/formal/i2c/fail/assert.sv(41): net 'cr[7]' does not have a driver
[WARN (VDB-1002)] /home/src2024/formal/i2c/fail/assert.sv(42): net 'sr[7]' does not have a driver
[INFO (VERI-1018)] /home/src2024/formal/i2c/rtl/i2c_master_top.sv(78): compiling module 'i2c_master_top'
INFO (INL208): Elaboration synthesis summary:
  Number of synthesized netlists          5 (1 packages)
  Single run mode                         On
  Pipeline                                On (4 pipelined netlists)
  Late hierarchical reference connection  On
  Number of analyzed Verilog modules      5 (5 synthesized)
  Number of analyzed VHDL entities        0 (0 synthesized)
WARNING (WOBS002): /home/src2024/formal/i2c/fail/assert.sv(473): Weakly embedded unbounded sequence in a ASSERT directive.
INFO (INL003): Clearing all state information (assumes, stopats, and so forth).
i2c_master_top
%% 
%% # Set clock and reset
%% clock wb_clk_i
%% #reset wb_rst_i 
%% reset -expr {wb_rst_i ~arst_i}
INFO (IPM031): Clearing proof results of all properties.
INFO (IRS006): Current reset condition is "wb_rst_i arst_i".
%% 
%% # Run formal verification
%% prove -all
INFO (IPF036): Starting proof on task: "<embedded>", 87 properties to prove with 0 already proven/unreachable
INFO (IRS029): Starting reset analysis: phase 1 of 4.
INFO (IRS030): Running reset analysis: phase 2 of 4.
INFO (IRS031): Running reset analysis: phase 3 of 4.
INFO (IRS020): Starting the reset analysis simulation with a limit of 100 iterations (phase 4 of 4).
INFO (IRS024): Reset iterations 0 to 4 analyzed.
INFO (IRS018): Reset analysis simulation executed for 3 iterations. Assigned values for 144 of 154 design flops, 0 of 0 design latches, 246 of 266 internal elements.
INFO (IRS039): Reset analysis complete.
INFO (IPF031): Settings used for proof thread 0:
    orchestration                 = on (auto)
    time_limit                    = 86400s
    per_property_time_limit       = 1s * 10 ^ scan
    engine_mode                   = auto
    proofgrid_per_engine_max_jobs = 1
    max engine jobs               = auto
    proofgrid_mode                = local
    proofgrid_restarts            = 10
0.0.PRE: A proof was found: No trace exists. [0.00 s]
INFO (IPF057): 0.0.PRE: The property "i2c_master_top.i2c_assert_inst.CR_ResetValue_Async_assert" was proven in 0.00 s.
0.0.PRE: A proof was found: No trace exists. [0.00 s]
INFO (IPF051): 0.0.PRE: The cover property "i2c_master_top.i2c_assert_inst.CR_ResetValue_Async_assert:precondition1" was proven unreachable in 0.00 s.
0.0.PRE: A proof was found: No trace exists. [0.00 s]
INFO (IPF057): 0.0.PRE: The property "i2c_master_top.i2c_assert_inst.AsyncResetValue_assert" was proven in 0.00 s.
0.0.PRE: A proof was found: No trace exists. [0.00 s]
INFO (IPF051): 0.0.PRE: The cover property "i2c_master_top.i2c_assert_inst.AsyncResetValue_assert:precondition1" was proven unreachable in 0.00 s.
0: Found proofs for 4 properties in preprocessing
0: Using multistage preprocessing
0: Starting reduce
0: Finished reduce in 0s
0.0.PRE: A proof was found: No trace exists. [0.00 s]
INFO (IPF057): 0.0.PRE: The property "i2c_master_top.i2c_assert_inst.CR_ResetValue_Sync_assert" was proven in 0.00 s.
0.0.PRE: A proof was found: No trace exists. [0.00 s]
INFO (IPF051): 0.0.PRE: The cover property "i2c_master_top.i2c_assert_inst.CR_ResetValue_Sync_assert:precondition1" was proven unreachable in 0.00 s.
0.0.PRE: A proof was found: No trace exists. [0.00 s]
INFO (IPF057): 0.0.PRE: The property "i2c_master_top.i2c_assert_inst.p_ctr_reset_sync_assert" was proven in 0.00 s.
0.0.PRE: A proof was found: No trace exists. [0.00 s]
INFO (IPF051): 0.0.PRE: The cover property "i2c_master_top.i2c_assert_inst.p_ctr_reset_sync_assert:precondition1" was proven unreachable in 0.00 s.
0.0.PRE: A proof was found: No trace exists. [0.00 s]
INFO (IPF057): 0.0.PRE: The property "i2c_master_top.i2c_assert_inst.p_ctr_reset_async_assert" was proven in 0.00 s.
0.0.PRE: A proof was found: No trace exists. [0.00 s]
INFO (IPF051): 0.0.PRE: The cover property "i2c_master_top.i2c_assert_inst.p_ctr_reset_async_assert:precondition1" was proven unreachable in 0.00 s.
0.0.PRE: A proof was found: No trace exists. [0.00 s]
INFO (IPF057): 0.0.PRE: The property "i2c_master_top.i2c_assert_inst.p_ctr_write_assert" was proven in 0.00 s.
0.0.PRE: A proof was found: No trace exists. [0.00 s]
INFO (IPF051): 0.0.PRE: The cover property "i2c_master_top.i2c_assert_inst.p_ctr_write_assert:precondition1" was proven unreachable in 0.00 s.
0.0.PRE: A proof was found: No trace exists. [0.00 s]
INFO (IPF057): 0.0.PRE: The property "i2c_master_top.i2c_assert_inst._assert_26" was proven in 0.00 s.
0.0.PRE: A proof was found: No trace exists. [0.00 s]
INFO (IPF051): 0.0.PRE: The cover property "i2c_master_top.i2c_assert_inst._assert_26:precondition1" was proven unreachable in 0.00 s.
0: Found proofs for 10 properties in preprocessing
0.0.PRE: Performing Proof Simplification...
0.0.N: clocks: 1, declared: 1, looping: 0, posedge: 1, negedge: 0, noedge: 0, bothedge: 0
0.0.N: Proof Simplification Iteration 1	[0.00 s]
0.0.PRE: A trace with 1 cycles was found. [0.00 s]
INFO (IPF047): 0.0.PRE: The cover property "i2c_master_top.i2c_assert_inst.ACK_StableDuringRead_assert:precondition1" was covered in 1 cycles in 0.00 s.
INFO (IPF055): 0.0.PRE: A counterexample (cex) with 1 cycles was found for the property "i2c_master_top.i2c_assert_inst.p_ien_interrupt_assert" in 0.00 s.
INFO (IPF047): 0.0.PRE: The cover property "i2c_master_top.i2c_assert_inst.p_ien_interrupt_assert:precondition1" was covered in 1 cycles in 0.00 s.
INFO (IPF055): 0.0.PRE: A counterexample (cex) with 1 cycles was found for the property "i2c_master_top.i2c_assert_inst._assert_27" in 0.00 s.
INFO (IPF047): 0.0.PRE: The cover property "i2c_master_top.i2c_assert_inst.tip_lifecycle_1_assert:precondition1" was covered in 1 cycles in 0.00 s.
INFO (IPF047): 0.0.PRE: The cover property "i2c_master_top.i2c_assert_inst.iflag_comprehensive_1_assert:precondition1" was covered in 1 cycles in 0.00 s.
INFO (IPF047): 0.0.PRE: The cover property "i2c_master_top.i2c_assert_inst.tip_lifecycle_2_assert:precondition1" was covered in 1 cycles in 0.00 s.
INFO (IPF047): 0.0.PRE: The cover property "i2c_master_top.i2c_assert_inst.iflag_comprehensive_assert:precondition1" was covered in 1 cycles in 0.00 s.
INFO (IPF047): 0.0.PRE: The cover property "i2c_master_top.i2c_assert_inst.rxack_phase_aligned_assert:precondition1" was covered in 1 cycles in 0.00 s.
INFO (IPF047): 0.0.PRE: The cover property "i2c_master_top.i2c_assert_inst.tip_lifecycle_assert:precondition1" was covered in 1 cycles in 0.00 s.
INFO (IPF047): 0.0.PRE: The cover property "i2c_master_top.i2c_assert_inst.iflag_management_assert:precondition1" was covered in 1 cycles in 0.00 s.
INFO (IPF047): 0.0.PRE: The cover property "i2c_master_top.i2c_assert_inst.tup_active_assert:precondition1" was covered in 1 cycles in 0.00 s.
INFO (IPF047): 0.0.PRE: The cover property "i2c_master_top.i2c_assert_inst.iflag_set_assert:precondition1" was covered in 1 cycles in 0.00 s.
INFO (IPF055): 0.0.PRE: A counterexample (cex) with 1 cycles was found for the property "i2c_master_top.i2c_assert_inst.rxack_phase_aligned_assert_1" in 0.00 s.
INFO (IPF047): 0.0.PRE: The cover property "i2c_master_top.i2c_assert_inst.rxack_phase_aligned_assert_1:precondition1" was covered in 1 cycles in 0.00 s.
0.0.N: Proof Simplification Iteration 2	[0.01 s]
0.0.N: Proof Simplification Iteration 3	[0.01 s]
0.0.PRE: A proof was found: No trace exists. [0.00 s]
INFO (IPF057): 0.0.PRE: The property ":noDeadEnd" was proven in 0.00 s.
    Use check_assumptions -show -dead_end to show this property in the property table.
0.0.PRE: A proof was found: No trace exists. [0.00 s]
INFO (IPF057): 0.0.PRE: The property ":noConflict" was proven in 0.00 s.
    Use check_assumptions -show to show this property in the property table.
INFO (IPF047): 0.0.PRE: The cover property ":live" was covered in 1 cycles in 0.00 s.
    Use check_assumptions -show -live to show this property in the property table.
0.0.PRE: Proof Simplification completed in 0.02 s
0.0.N: Identified and disabled 24 duplicated targets.
0: About to start ProofGrid in its own thread with a limit of 10000 pending notifications and a limit of 10 traces.
0: =============================== ProofGrid start ===============================
0: ProofGrid usable level: 48
0: ProofGrid is starting event handling
0.0.N: Proofgrid shell started at 825206@Cadence_SERVER(local) jg_824857_Cadence_SERVER_2
0.0.N: clocks: 1, declared: 1, looping: 0, posedge: 1, negedge: 0, noedge: 0, bothedge: 0
0.0.N: Next scan (0) will use per property time limit: 1s * 10 ^ 0 = 1s
0.0.N: Starting proof for property "i2c_master_top.i2c_assert_inst.ReservedBitsZero_assert"	[0.00 s].
0.0.N: Trace Attempt  1	[0.00 s]
0.0.N: A trace with 1 cycles was found. [0.00 s]
INFO (IPF055): 0.0.N: A counterexample (cex) with 1 cycles was found for the property "i2c_master_top.i2c_assert_inst.ReservedBitsZero_assert" in 0.00 s.
INFO (IPF047): 0.0.N: The cover property "i2c_master_top.i2c_assert_inst.ReservedBitsZero_assert:precondition1" was covered in 1 cycles in 0.00 s by the incidental trace "i2c_master_top.i2c_assert_inst.ReservedBitsZero_assert".
INFO (IPF047): 0.0.N: The cover property "i2c_master_top.i2c_assert_inst.ReservedBitsConnectivity_assert:precondition1" was covered in 1 cycles in 0.00 s by the incidental trace "i2c_master_top.i2c_assert_inst.ReservedBitsZero_assert".
INFO (IPF047): 0.0.N: The cover property "i2c_master_top.i2c_assert_inst.CommandAutoClear_assert:precondition1" was covered in 1 cycles in 0.00 s by the incidental trace "i2c_master_top.i2c_assert_inst.ReservedBitsZero_assert".
INFO (IPF047): 0.0.N: The cover property "i2c_master_top.i2c_assert_inst.NoRD_WR_Conflict_assert:precondition1" was covered in 1 cycles in 0.00 s by the incidental trace "i2c_master_top.i2c_assert_inst.ReservedBitsZero_assert".
INFO (IPF047): 0.0.N: The cover property "i2c_master_top.i2c_assert_inst.NoSTA_STO_Conflict_assert:precondition1" was covered in 1 cycles in 0.00 s by the incidental trace "i2c_master_top.i2c_assert_inst.ReservedBitsZero_assert".
0.0.N: Stopped processing property "i2c_master_top.i2c_assert_inst.ReservedBitsZero_assert"	[0.00 s].
0.0.N: Starting proof for property "i2c_master_top.i2c_assert_inst.ReservedBitsConnectivity_assert"	[0.00 s].
0.0.N: Trace Attempt  1	[0.00 s]
0.0.N: A max_length bound was found. The shortest trace is no longer than 2 cycles. [0.00 s]
INFO (IPF008): 0.0.N: A max_length bound of 2 was found for the property "i2c_master_top.i2c_assert_inst.ReservedBitsConnectivity_assert" in 0.00 s.
0.0.N: Trace Attempt  2	[0.00 s]
0.0.N: Trace Attempt  2	[0.00 s]
0.0.N: A trace with 2 cycles was found. [0.00 s]
INFO (IPF055): 0.0.N: A counterexample (cex) with 2 cycles was found for the property "i2c_master_top.i2c_assert_inst.ReservedBitsConnectivity_assert" in 0.00 s.
INFO (IPF055): 0.0.N: A counterexample (cex) with 2 cycles was found for the property "i2c_master_top.i2c_assert_inst.tip_lifecycle_1_assert" in 0.00 s by the incidental trace "i2c_master_top.i2c_assert_inst.ReservedBitsConnectivity_assert".
INFO (IPF055): 0.0.N: A counterexample (cex) with 2 cycles was found for the property "i2c_master_top.i2c_assert_inst.tip_lifecycle_2_assert" in 0.00 s by the incidental trace "i2c_master_top.i2c_assert_inst.ReservedBitsConnectivity_assert".
INFO (IPF055): 0.0.N: A counterexample (cex) with 1 cycles was found for the property "i2c_master_top.i2c_assert_inst.tip_lifecycle_assert" in 0.00 s by the incidental trace "i2c_master_top.i2c_assert_inst.ReservedBitsConnectivity_assert".
INFO (IPF055): 0.0.N: A counterexample (cex) with 2 cycles was found for the property "i2c_master_top.i2c_assert_inst.tup_active_assert" in 0.00 s by the incidental trace "i2c_master_top.i2c_assert_inst.ReservedBitsConnectivity_assert".
0.0.N: Stopped processing property "i2c_master_top.i2c_assert_inst.ReservedBitsConnectivity_assert"	[0.00 s].
0.0.N: Starting proof for property "i2c_master_top.i2c_assert_inst.CommandAutoClear_assert"	[0.00 s].
0.0.N: Trace Attempt  1	[0.00 s]
0.0.N: A max_length bound was found. The shortest trace is no longer than 2 cycles. [0.00 s]
INFO (IPF008): 0.0.N: A max_length bound of 2 was found for the property "i2c_master_top.i2c_assert_inst.CommandAutoClear_assert" in 0.00 s.
0.0.N: Trace Attempt  2	[0.00 s]
0.0.N: Trace Attempt  2	[0.00 s]
0.0.N: A trace with 2 cycles was found. [0.00 s]
INFO (IPF055): 0.0.N: A counterexample (cex) with 2 cycles was found for the property "i2c_master_top.i2c_assert_inst.CommandAutoClear_assert" in 0.00 s.
0.0.N: Stopped processing property "i2c_master_top.i2c_assert_inst.CommandAutoClear_assert"	[0.00 s].
0.0.N: Starting proof for property "i2c_master_top.i2c_assert_inst.STA_AutoClear_assert"	[0.00 s].
0.0.N: Trace Attempt  1	[0.00 s]
0.0.N: A max_length bound was found. The shortest trace is no longer than 2 cycles. [0.00 s]
INFO (IPF008): 0.0.N: A max_length bound of 2 was found for the property "i2c_master_top.i2c_assert_inst.STA_AutoClear_assert" in 0.00 s.
0.0.N: Trace Attempt  2	[0.00 s]
0.0.N: Trace Attempt  2	[0.00 s]
0.0.N: A trace with 2 cycles was found. [0.00 s]
INFO (IPF055): 0.0.N: A counterexample (cex) with 2 cycles was found for the property "i2c_master_top.i2c_assert_inst.STA_AutoClear_assert" in 0.00 s.
INFO (IPF047): 0.0.N: The cover property "i2c_master_top.i2c_assert_inst.STA_AutoClear_assert:precondition1" was covered in 1 cycles in 0.00 s by the incidental trace "i2c_master_top.i2c_assert_inst.STA_AutoClear_assert".
0.0.N: Stopped processing property "i2c_master_top.i2c_assert_inst.STA_AutoClear_assert"	[0.00 s].
0.0.N: Starting proof for property "i2c_master_top.i2c_assert_inst.STO_AutoClear_assert"	[0.00 s].
0.0.N: Trace Attempt  1	[0.00 s]
0.0.N: A max_length bound was found. The shortest trace is no longer than 2 cycles. [0.00 s]
INFO (IPF008): 0.0.N: A max_length bound of 2 was found for the property "i2c_master_top.i2c_assert_inst.STO_AutoClear_assert" in 0.00 s.
0.0.N: Trace Attempt  2	[0.00 s]
0.0.N: Trace Attempt  2	[0.00 s]
0.0.N: A trace with 2 cycles was found. [0.00 s]
INFO (IPF055): 0.0.N: A counterexample (cex) with 2 cycles was found for the property "i2c_master_top.i2c_assert_inst.STO_AutoClear_assert" in 0.00 s.
INFO (IPF047): 0.0.N: The cover property "i2c_master_top.i2c_assert_inst.STO_AutoClear_assert:precondition1" was covered in 1 cycles in 0.00 s by the incidental trace "i2c_master_top.i2c_assert_inst.STO_AutoClear_assert".
0.0.N: Stopped processing property "i2c_master_top.i2c_assert_inst.STO_AutoClear_assert"	[0.00 s].
0.0.N: Starting proof for property "i2c_master_top.i2c_assert_inst.RD_AutoClear_assert"	[0.00 s].
0.0.N: Trace Attempt  1	[0.00 s]
0.0.N: A max_length bound was found. The shortest trace is no longer than 2 cycles. [0.00 s]
INFO (IPF008): 0.0.N: A max_length bound of 2 was found for the property "i2c_master_top.i2c_assert_inst.RD_AutoClear_assert" in 0.00 s.
0.0.N: Trace Attempt  2	[0.00 s]
0.0.N: Trace Attempt  2	[0.00 s]
0.0.N: A trace with 2 cycles was found. [0.00 s]
INFO (IPF055): 0.0.N: A counterexample (cex) with 2 cycles was found for the property "i2c_master_top.i2c_assert_inst.RD_AutoClear_assert" in 0.00 s.
INFO (IPF047): 0.0.N: The cover property "i2c_master_top.i2c_assert_inst.RD_AutoClear_assert:precondition1" was covered in 1 cycles in 0.00 s by the incidental trace "i2c_master_top.i2c_assert_inst.RD_AutoClear_assert".
0.0.N: Stopped processing property "i2c_master_top.i2c_assert_inst.RD_AutoClear_assert"	[0.00 s].
0.0.N: Starting proof for property "i2c_master_top.i2c_assert_inst.WR_AutoClear_assert"	[0.00 s].
0.0.N: Trace Attempt  1	[0.00 s]
0.0.N: A max_length bound was found. The shortest trace is no longer than 2 cycles. [0.00 s]
INFO (IPF008): 0.0.N: A max_length bound of 2 was found for the property "i2c_master_top.i2c_assert_inst.WR_AutoClear_assert" in 0.00 s.
0.0.N: Trace Attempt  2	[0.00 s]
0.0.N: Trace Attempt  2	[0.00 s]
0.0.N: A trace with 2 cycles was found. [0.00 s]
INFO (IPF055): 0.0.N: A counterexample (cex) with 2 cycles was found for the property "i2c_master_top.i2c_assert_inst.WR_AutoClear_assert" in 0.00 s.
INFO (IPF047): 0.0.N: The cover property "i2c_master_top.i2c_assert_inst.WR_AutoClear_assert:precondition1" was covered in 1 cycles in 0.00 s by the incidental trace "i2c_master_top.i2c_assert_inst.WR_AutoClear_assert".
0.0.N: Stopped processing property "i2c_master_top.i2c_assert_inst.WR_AutoClear_assert"	[0.00 s].
0.0.N: Starting proof for property "i2c_master_top.i2c_assert_inst.IACK_AutoClear_assert"	[0.00 s].
0.0.N: Trace Attempt  1	[0.00 s]
0.0.N: A max_length bound was found. The shortest trace is no longer than 2 cycles. [0.00 s]
INFO (IPF008): 0.0.N: A max_length bound of 2 was found for the property "i2c_master_top.i2c_assert_inst.IACK_AutoClear_assert" in 0.00 s.
0.0.N: Trace Attempt  2	[0.00 s]
0.0.N: Trace Attempt  2	[0.00 s]
0.0.N: A trace with 2 cycles was found. [0.00 s]
INFO (IPF055): 0.0.N: A counterexample (cex) with 2 cycles was found for the property "i2c_master_top.i2c_assert_inst.IACK_AutoClear_assert" in 0.00 s.
INFO (IPF047): 0.0.N: The cover property "i2c_master_top.i2c_assert_inst.IACK_AutoClear_assert:precondition1" was covered in 1 cycles in 0.00 s by the incidental trace "i2c_master_top.i2c_assert_inst.IACK_AutoClear_assert".
INFO (IPF047): 0.0.N: The cover property "i2c_master_top.i2c_assert_inst.iflag_clear_assert:precondition1" was covered in 2 cycles in 0.00 s by the incidental trace "i2c_master_top.i2c_assert_inst.IACK_AutoClear_assert".
INFO (IPF047): 0.0.N: The cover property "i2c_master_top.i2c_assert_inst.IACK_ClearsInterrupt_assert:precondition1" was covered in 1 cycles in 0.00 s by the incidental trace "i2c_master_top.i2c_assert_inst.IACK_AutoClear_assert".
0.0.N: Stopped processing property "i2c_master_top.i2c_assert_inst.IACK_AutoClear_assert"	[0.00 s].
0.0.Hp: Proofgrid shell started at 825207@Cadence_SERVER(local) jg_824857_Cadence_SERVER_2
0.0.N: Starting proof for property "i2c_master_top.i2c_assert_inst.IACK_ClearsInterrupt_assert"	[0.00 s].
0.0.N: Trace Attempt  1	[0.00 s]
0.0.N: A max_length bound was found. The shortest trace is no longer than 2 cycles. [0.00 s]
INFO (IPF008): 0.0.N: A max_length bound of 2 was found for the property "i2c_master_top.i2c_assert_inst.IACK_ClearsInterrupt_assert" in 0.00 s.
0.0.N: Trace Attempt  2	[0.00 s]
0.0.N: Trace Attempt  2	[0.00 s]
0.0.N: A trace with 2 cycles was found. [0.00 s]
INFO (IPF055): 0.0.N: A counterexample (cex) with 2 cycles was found for the property "i2c_master_top.i2c_assert_inst.IACK_ClearsInterrupt_assert" in 0.00 s.
0.0.N: Stopped processing property "i2c_master_top.i2c_assert_inst.IACK_ClearsInterrupt_assert"	[0.00 s].
0.0.Hp: clocks: 1, declared: 1, looping: 0, posedge: 1, negedge: 0, noedge: 0, bothedge: 0
0.0.N: Starting proof for property "i2c_master_top.i2c_assert_inst.NoRD_WR_Conflict_assert"	[0.00 s].
0.0.N: Trace Attempt  1	[0.00 s]
0.0.N: A trace with 1 cycles was found. [0.00 s]
INFO (IPF055): 0.0.N: A counterexample (cex) with 1 cycles was found for the property "i2c_master_top.i2c_assert_inst.NoRD_WR_Conflict_assert" in 0.00 s.
0.0.N: Stopped processing property "i2c_master_top.i2c_assert_inst.NoRD_WR_Conflict_assert"	[0.00 s].
0.0.Hp: Trace Attempt  1	[0.00 s]
0.0.Hp: A trace with 1 cycles was found. [0.00 s]
INFO (IPF055): 0.0.Hp: A counterexample (cex) with 1 cycles was found for the property "i2c_master_top.i2c_assert_inst.NoSTA_STO_Conflict_assert" in 0.00 s.
INFO (IPF047): 0.0.Hp: The cover property "i2c_master_top.i2c_assert_inst.iflag_management_assert:precondition2" was covered in 1 cycles in 0.00 s.
0.0.Hp: A trace with 1 cycles was found. [0.00 s]
INFO (IPF055): 0.0.Hp: A counterexample (cex) with 1 cycles was found for the property "i2c_master_top.i2c_assert_inst.ACK_ValidDuringRead_assert" in 0.00 s.
INFO (IPF047): 0.0.Hp: The cover property "i2c_master_top.i2c_assert_inst.ACK_ValidDuringRead_assert:precondition1" was covered in 1 cycles in 0.00 s.
0.0.Hp: A trace with 1 cycles was found. [0.00 s]
INFO (IPF055): 0.0.Hp: A counterexample (cex) with 1 cycles was found for the property "i2c_master_top.i2c_assert_inst.ACK_StableDuringRead_assert" in 0.00 s.
0.0.Hp: A trace with 1 cycles was found. [0.00 s]
INFO (IPF047): 0.0.Hp: The cover property "i2c_master_top.i2c_assert_inst.p_ctr_write_connectivity_assert:precondition1" was covered in 1 cycles in 0.00 s.
INFO (IPF055): 0.0.Hp: A counterexample (cex) with 1 cycles was found for the property "i2c_master_top.i2c_assert_inst.p_ctr_reserved_write_assert" in 0.00 s.
INFO (IPF047): 0.0.Hp: The cover property "i2c_master_top.i2c_assert_inst.p_ctr_reserved_write_assert:precondition1" was covered in 1 cycles in 0.00 s.
0.0.Hp: A trace with 1 cycles was found. [0.00 s]
INFO (IPF047): 0.0.Hp: The cover property "i2c_master_top.i2c_assert_inst.p_en_clear_safety_assert:precondition1" was covered in 1 cycles in 0.00 s.
INFO (IPF047): 0.0.Hp: The cover property "i2c_master_top.i2c_assert_inst.p_en_safety_assert:precondition1" was covered in 1 cycles in 0.00 s.
INFO (IPF055): 0.0.Hp: A counterexample (cex) with 1 cycles was found for the property "i2c_master_top.i2c_assert_inst.p_en_safety_assert" in 0.00 s.
0: ProofGrid is temporarily paused because there are too many pending traces.
0: ProofGrid is resuming to work after pausing for 0s. The amount of pending traces decreased.
0.0.Hp: A trace with 1 cycles was found. [0.00 s]
INFO (IPF055): 0.0.Hp: A counterexample (cex) with 1 cycles was found for the property "i2c_master_top.i2c_assert_inst.iflag_comprehensive_1_assert" in 0.01 s.
INFO (IPF055): 0.0.Hp: A counterexample (cex) with 1 cycles was found for the property "i2c_master_top.i2c_assert_inst.iflag_comprehensive_assert" in 0.01 s.
INFO (IPF055): 0.0.Hp: A counterexample (cex) with 1 cycles was found for the property "i2c_master_top.i2c_assert_inst.iflag_set_assert" in 0.01 s.
0.0.N: Starting proof for property "i2c_master_top.i2c_assert_inst.p_ctr_write_connectivity_assert"	[0.00 s].
0.0.N: Trace Attempt  1	[0.00 s]
0.0.N: A max_length bound was found. The shortest trace is no longer than 2 cycles. [0.00 s]
INFO (IPF008): 0.0.N: A max_length bound of 2 was found for the property "i2c_master_top.i2c_assert_inst.p_ctr_write_connectivity_assert" in 0.00 s.
0.0.N: Trace Attempt  2	[0.00 s]
0.0.N: Trace Attempt  2	[0.00 s]
0.0.N: A trace with 2 cycles was found. [0.00 s]
INFO (IPF055): 0.0.N: A counterexample (cex) with 2 cycles was found for the property "i2c_master_top.i2c_assert_inst.p_ctr_write_connectivity_assert" in 0.00 s.
INFO (IPF047): 0.0.N: The cover property "i2c_master_top.i2c_assert_inst.p_ctr_write_connectivity_ack_assert:precondition1" was covered in 2 cycles in 0.00 s by the incidental trace "i2c_master_top.i2c_assert_inst.p_ctr_write_connectivity_assert".
0.0.N: Stopped processing property "i2c_master_top.i2c_assert_inst.p_ctr_write_connectivity_assert"	[0.00 s].
0.0.Hp: A trace with 1 cycles was found. [0.00 s]
INFO (IPF055): 0.0.Hp: A counterexample (cex) with 1 cycles was found for the property "i2c_master_top.i2c_assert_inst.sr_connectivity_assert" in 0.01 s.
INFO (IPF047): 0.0.Hp: The cover property "i2c_master_top.i2c_assert_inst.sr_connectivity_assert:precondition1" was covered in 1 cycles in 0.01 s.
0.0.Hp: A trace with 1 cycles was found. [0.00 s]
INFO (IPF055): 0.0.Hp: A counterexample (cex) with 1 cycles was found for the property "i2c_master_top.i2c_assert_inst.rxack_nack_assert" in 0.01 s.
INFO (IPF047): 0.0.Hp: The cover property "i2c_master_top.i2c_assert_inst.rxack_nack_assert:precondition1" was covered in 1 cycles in 0.01 s.
0.0.Hp: Trace Attempt  2	[0.01 s]
0.0.Hp: A trace with 2 cycles was found. [0.01 s]
INFO (IPF047): 0.0.Hp: The cover property "i2c_master_top.i2c_assert_inst.rxack_validation_assert:precondition1" was covered in 2 cycles in 0.01 s.
0: ProofGrid is temporarily paused because there are too many pending traces.
0: ProofGrid is resuming to work after pausing for 0s. The amount of pending traces decreased.
0.0.Hp: A trace with 2 cycles was found. [0.01 s]
INFO (IPF055): 0.0.Hp: A counterexample (cex) with 2 cycles was found for the property "i2c_master_top.i2c_assert_inst.sr_connectivity_2_assert" in 0.02 s.
INFO (IPF047): 0.0.Hp: The cover property "i2c_master_top.i2c_assert_inst.sr_connectivity_2_assert:precondition1" was covered in 2 cycles in 0.02 s.
INFO (IPF055): 0.0.Hp: A counterexample (cex) with 2 cycles was found for the property "i2c_master_top.i2c_assert_inst.sr_connectivity_1_assert" in 0.02 s.
INFO (IPF047): 0.0.Hp: The cover property "i2c_master_top.i2c_assert_inst.sr_connectivity_1_assert:precondition1" was covered in 2 cycles in 0.02 s.
0.0.Hp: A trace with 2 cycles was found. [0.01 s]
INFO (IPF055): 0.0.Hp: A counterexample (cex) with 2 cycles was found for the property "i2c_master_top.i2c_assert_inst.iflag_management_assert" in 0.02 s.
INFO (IPF055): 0.0.Hp: A counterexample (cex) with 2 cycles was found for the property "i2c_master_top.i2c_assert_inst.iflag_clear_assert" in 0.02 s.
0.0.Hp: A trace with 2 cycles was found. [0.01 s]
INFO (IPF055): 0.0.Hp: A counterexample (cex) with 2 cycles was found for the property "i2c_master_top.i2c_assert_inst.rxack_validation_assert" in 0.02 s.
0.0.Hp: Trace Attempt  3	[0.01 s]
0.0.Hp: A trace with 3 cycles was found. [0.01 s]
INFO (IPF055): 0.0.Hp: A counterexample (cex) with 3 cycles was found for the property "i2c_master_top.i2c_assert_inst.p_ctr_write_connectivity_ack_assert" in 0.02 s.
0.0.Hp: Trace Attempt  4	[0.01 s]
0.0.Hp: A trace with 4 cycles was found. [0.01 s]
INFO (IPF055): 0.0.Hp: A counterexample (cex) with 4 cycles was found for the property "i2c_master_top.i2c_assert_inst.p_en_clear_safety_assert" in 0.02 s.
0.0.Hp: Trace Attempt  5	[0.01 s]
0.0.N: Requesting engine job to stop
0.0.Hp: Requesting engine job to terminate
INFO (IPF144): 0: Initiating shutdown of proof [0.03 s]
0: ProofGrid is temporarily paused because there are too many pending traces.
0: ProofGrid is resuming to work after pausing for 0s. The amount of pending traces decreased.
0.0.Hp: Trace Attempt  9	[0.01 s]
0.0.Hp: A trace with 9 cycles was found. [0.01 s]
INFO (IPF055): 0.0.Hp: A counterexample (cex) with 9 cycles was found for the property "i2c_master_top.i2c_assert_inst.rxack_phase_aligned_assert" in 0.02 s.
INFO (IPF047): 0.0.Hp: The cover property "i2c_master_top.i2c_assert_inst.rxack_phase_aligned_assert:precondition2" was covered in 9 cycles in 0.02 s.
0.0.Hp: All properties determined. [0.01 s]
0.0.B: Proofgrid shell started at 825239@Cadence_SERVER(local) jg_824857_Cadence_SERVER_2
0.0.B: Requesting engine job to terminate
0.0.B: Preventing job from starting because proof is shutting down.
0.0.B: Requesting engine job to terminate
0.0.B: Interrupted. [0.00 s]
0.0.N: Starting proof for property "i2c_master_top.i2c_assert_inst.p_ctr_write_connectivity_ack_assert"	[0.00 s].
0.0.N: Trace Attempt  1	[0.00 s]
0.0.N: Trace Attempt  2	[0.00 s]
0.0.N: Trace Attempt  3	[0.00 s]
0.0.N: Trace Attempt  3	[0.00 s]
0.0.N: Stopped processing property "i2c_master_top.i2c_assert_inst.p_ctr_write_connectivity_ack_assert"	[0.00 s].
0.0.N: Interrupted. [0.01 s]
0.0.Hp: Exited with Success (@ 0.03 s)
0: ProofGrid usable level: 0
0.0.B: Exited with Success (@ 0.03 s)
0.0.N: Exited with Success (@ 0.03 s)
0.0.Ht: Proofgrid shell started at 825238@Cadence_SERVER(local) jg_824857_Cadence_SERVER_2
0.0.Ht: Requesting engine job to terminate
0.0.Ht: Preventing job from starting because proof is shutting down.
0.0.Ht: Requesting engine job to terminate
0.0.Ht: Interrupted. [0.00 s]
0.0.Ht: Exited with Success (@ 0.04 s)
0: --------------------------------------------------------------
ProofGrid Summary (utilization 27.45 %)
--------------------------------------------------------------
     engines started                               :     4
     engine jobs started                           :     4

    Average time in state (seconds)
    ------------------------------------------------------
    Engine  Pending     Running        Dead    Utilization
    ------------------------------------------------------
      N        0.03        0.03        0.00       52.25 %
     Hp        0.04        0.02        0.00       34.90 %
     Ht        0.04        0.00        0.00        0.00 %
      B        0.03        0.00        0.00        0.00 %
    all        0.04        0.01        0.00       27.45 %

    Total time in state (seconds)
    -----------------------------------------
            Pending     Running        Dead  
    -----------------------------------------
               0.14        0.05        0.00

    Data read    : 63.78 kiB
    Data written : 4.12 kiB

0: All pending notifications were processed.
INFO (IPF059): Completed proof on task: "<embedded>" for proof thread 0

==============================================================
SUMMARY
==============================================================
           Properties Considered              : 87
                 assertions                   : 43
                  - proven                    : 7 (16.2791%)
                  - bounded_proven (user)     : 0 (0%)
                  - bounded_proven (auto)     : 0 (0%)
                  - marked_proven             : 0 (0%)
                  - cex                       : 36 (83.7209%)
                  - ar_cex                    : 0 (0%)
                  - undetermined              : 0 (0%)
                  - unknown                   : 0 (0%)
                  - error                     : 0 (0%)
                 covers                       : 44
                  - unreachable               : 7 (15.9091%)
                  - bounded_unreachable (user): 0 (0%)
                  - covered                   : 37 (84.0909%)
                  - ar_covered                : 0 (0%)
                  - undetermined              : 0 (0%)
                  - unknown                   : 0 (0%)
                  - error                     : 0 (0%)
determined
%% 
%% # Measure coverage
%% #  check_cov -measure -time_limit 2h
%% #  check_cov -report -no_return -report_file report.txt -force -exclude { reset waived } -checker COI
%% #  check_cov -report -no_return -report_file cover.html \
#      -html -force -exclude { reset waived } -checker COI
%% 
%% # Generate report
%% # report -summary -force -result -file i2c.fpv.rpt
%% 
%% # Exit JasperGold
%% # exit -force
%% 
INFO (IPL005): Received request to exit from the console.
INFO (IPL014): Waiting for the Tcl-thread to exit.
INFO: Waiting for proof threads to stop...
INFO: Proof threads stopped.
INFO (IPL018): The peak resident set memory use for this session was 0.513 GB.
INFO (IPL015): The Tcl-thread exited with status 0.
INFO (IPL016): Exiting the analysis session with status 0.
